<?xml version="1.0" encoding="UTF-8"?>
<!-- Generated by org.testng.reporters.JUnitReportReporter -->
<testsuite hostname="vasu" name="testNGPackage.NewTest2" tests="1" failures="0" timestamp="12 Aug 2016 03:33:21 GMT" time="0.016" errors="0">
  <testcase name="fTEst2" time="0.016" classname="testNGPackage.NewTest2"/>
</testsuite> <!-- testNGPackage.NewTest2 -->
