<?xml version="1.0" encoding="UTF-8"?>
<!-- Generated by org.testng.reporters.JUnitReportReporter -->
<testsuite hostname="vasu" name="testNGPackage.NewTest3" tests="3" failures="0" timestamp="12 Aug 2016 03:33:21 GMT" time="0.025" errors="0">
  <testcase name="f4" time="0.008" classname="testNGPackage.NewTest3"/>
  <testcase name="f3" time="0.007" classname="testNGPackage.NewTest3"/>
  <testcase name="fTEst2" time="0.010" classname="testNGPackage.NewTest3"/>
</testsuite> <!-- testNGPackage.NewTest3 -->
