<?xml version="1.0" encoding="UTF-8"?>
<!-- Generated by org.testng.reporters.JUnitReportReporter -->
<testsuite hostname="vasu" name="NextGenConcepts.EventFiringDriver" tests="1" failures="0" timestamp="11 Aug 2016 02:58:09 GMT" time="55.025" errors="0">
  <testcase name="EDrive" time="55.025" classname="NextGenConcepts.EventFiringDriver"/>
</testsuite> <!-- NextGenConcepts.EventFiringDriver -->
