<?xml version="1.0" encoding="UTF-8"?>
<!-- Generated by org.testng.reporters.JUnitReportReporter -->
<testsuite hostname="vasu" name="testNGPackage.NewTest" tests="2" failures="0" timestamp="12 Aug 2016 03:33:21 GMT" time="0.070" errors="0">
  <testcase name="f" time="0.019" classname="testNGPackage.NewTest"/>
  <testcase name="f2" time="0.051" classname="testNGPackage.NewTest"/>
</testsuite> <!-- testNGPackage.NewTest -->
